Using pre-set license
Built from '2020.3/staging' branch; Version is '2020.3.4f1 (0abb6314276a) revision 703331'; Using compiler version '192528614'; Build Type 'Release'
OS: 'Windows 10 Pro; OS build 19042.928; Version 2009; 64bit' Language: 'en' Physical Memory: 16260 MB
BatchMode: 1, IsHumanControllingUs: 0, StartBugReporterOnCrash: 0, Is64bit: 1, IsPro: 0

 COMMAND LINE ARGUMENTS:
C:\Program Files\Unity\Hub\Editor\2020.3.4f1\Editor\Unity.exe
-adb2
-batchMode
-noUpm
-name
AssetImportWorker0
-projectPath
C:/Users/Saisantoshi Lakshmi/GalaxySpaceShooter
-logFile
Logs/AssetImportWorker0.log
-srvPort
55168
Successfully changed project path to: C:/Users/Saisantoshi Lakshmi/GalaxySpaceShooter
C:/Users/Saisantoshi Lakshmi/GalaxySpaceShooter
Using Asset Import Pipeline V2.
Refreshing native plugins compatible for Editor in 126.85 ms, found 1 plugins.
Preloading 0 native plugins for Editor in 0.00 ms.
Initialize engine version: 2020.3.4f1 (0abb6314276a)
[Subsystems] Discovering subsystems at path C:/Program Files/Unity/Hub/Editor/2020.3.4f1/Editor/Data/Resources/UnitySubsystems
[Subsystems] Discovering subsystems at path C:/Users/Saisantoshi Lakshmi/GalaxySpaceShooter/Assets
GfxDevice: creating device client; threaded=0
Direct3D:
    Version:  Direct3D 11.0 [level 11.1]
    Renderer: Intel(R) UHD Graphics 620 (ID=0x3ea0)
    Vendor:   
    VRAM:     8130 MB
    Driver:   26.20.100.8141
Initialize mono
Mono path[0] = 'C:/Program Files/Unity/Hub/Editor/2020.3.4f1/Editor/Data/Managed'
Mono path[1] = 'C:/Program Files/Unity/Hub/Editor/2020.3.4f1/Editor/Data/MonoBleedingEdge/lib/mono/unityjit'
Mono config path = 'C:/Program Files/Unity/Hub/Editor/2020.3.4f1/Editor/Data/MonoBleedingEdge/etc'
Using monoOptions --debugger-agent=transport=dt_socket,embedding=1,server=y,suspend=n,address=127.0.0.1:56824
Begin MonoManager ReloadAssembly
Registering precompiled unity dll's ...
Register platform support module: C:/Program Files/Unity/Hub/Editor/2020.3.4f1/Editor/Data/PlaybackEngines/WindowsStandaloneSupport/UnityEditor.WindowsStandalone.Extensions.dll
Registered in 0.004072 seconds.
Native extension for WindowsStandalone target not found
Refreshing native plugins compatible for Editor in 93.74 ms, found 1 plugins.
Preloading 0 native plugins for Editor in 0.00 ms.
Mono: successfully reloaded assembly
- Completed reload, in  4.721 seconds
Platform modules already initialized, skipping
Registering precompiled user dll's ...
Registered in 0.002257 seconds.
Begin MonoManager ReloadAssembly
Native extension for WindowsStandalone target not found
Refreshing native plugins compatible for Editor in 115.70 ms, found 1 plugins.
Preloading 0 native plugins for Editor in 0.00 ms.
Mono: successfully reloaded assembly
- Completed reload, in  2.353 seconds
Platform modules already initialized, skipping
========================================================================
Worker process is ready to serve import requests
Launched and connected shader compiler UnityShaderCompiler.exe after 0.07 seconds
Refreshing native plugins compatible for Editor in 0.66 ms, found 1 plugins.
Preloading 0 native plugins for Editor in 0.00 ms.
Unloading 1814 Unused Serialized files (Serialized files now loaded: 0)
System memory in use before: 85.1 MB.
System memory in use after: 85.0 MB.

Unloading 24 unused Assets to reduce memory usage. Loaded Objects now: 2257.
Total: 4.170100 ms (FindLiveObjects: 0.321200 ms CreateObjectMapping: 0.150100 ms MarkObjects: 3.441400 ms  DeleteObjects: 0.254300 ms)

========================================================================
Received Import Request.
  path: Assets/BulletDestroy.cs
  artifactKey: Guid(c25cc00d80de7394f843451c9f816d02) Importer(815301076,1909f56bfc062723c751e8b465ee728b)
Start importing Assets/BulletDestroy.cs using Guid(c25cc00d80de7394f843451c9f816d02) Importer(815301076,1909f56bfc062723c751e8b465ee728b)  -> (artifact id: '3fb24616bb756f0c0794950b28af6d53') in 0.416308 seconds
  Import took 0.427157 seconds .

========================================================================
Received Prepare
Registering precompiled user dll's ...
Registered in 0.000897 seconds.
Begin MonoManager ReloadAssembly
Native extension for WindowsStandalone target not found
Refreshing native plugins compatible for Editor in 0.55 ms, found 1 plugins.
Preloading 0 native plugins for Editor in 0.00 ms.
Mono: successfully reloaded assembly
- Completed reload, in  1.841 seconds
Platform modules already initialized, skipping
Refreshing native plugins compatible for Editor in 0.34 ms, found 1 plugins.
Preloading 0 native plugins for Editor in 0.00 ms.
Unloading 1809 Unused Serialized files (Serialized files now loaded: 0)
System memory in use before: 85.0 MB.
System memory in use after: 85.0 MB.

Unloading 12 unused Assets to reduce memory usage. Loaded Objects now: 2261.
Total: 4.288400 ms (FindLiveObjects: 0.304600 ms CreateObjectMapping: 0.171400 ms MarkObjects: 3.594600 ms  DeleteObjects: 0.215700 ms)

========================================================================
Received Import Request.
  Time since last request: 369.577524 seconds.
  path: Assets/Bullets.prefab
  artifactKey: Guid(87e04ee4c8fdb7048b8428282e796724) Importer(815301076,1909f56bfc062723c751e8b465ee728b)
Start importing Assets/Bullets.prefab using Guid(87e04ee4c8fdb7048b8428282e796724) Importer(815301076,1909f56bfc062723c751e8b465ee728b)  -> (artifact id: '3dcb8c0bfa5c7611af57f0a658c305b3') in 0.163738 seconds
  Import took 0.169744 seconds .

========================================================================
Received Import Request.
  Time since last request: 6.007469 seconds.
  path: Assets/Asteriod.prefab
  artifactKey: Guid(1ab62fd0c2bf1cb4fa12624692ce5431) Importer(815301076,1909f56bfc062723c751e8b465ee728b)
Start importing Assets/Asteriod.prefab using Guid(1ab62fd0c2bf1cb4fa12624692ce5431) Importer(815301076,1909f56bfc062723c751e8b465ee728b)  -> (artifact id: '99d9834ce015bb81c6c08b87976a7ca5') in 0.023928 seconds
  Import took 0.029475 seconds .

========================================================================
Received Import Request.
  Time since last request: 0.004991 seconds.
  path: Assets/Asteriod.prefab
  artifactKey: Guid(1ab62fd0c2bf1cb4fa12624692ce5431) Importer(815301076,1909f56bfc062723c751e8b465ee728b)
Start importing Assets/Asteriod.prefab using Guid(1ab62fd0c2bf1cb4fa12624692ce5431) Importer(815301076,1909f56bfc062723c751e8b465ee728b)  -> (artifact id: '99d9834ce015bb81c6c08b87976a7ca5') in 0.015511 seconds
  Import took 0.018933 seconds .

========================================================================
Received Import Request.
  Time since last request: 5.993110 seconds.
  path: Assets/Asteriod.prefab
  artifactKey: Guid(1ab62fd0c2bf1cb4fa12624692ce5431) Importer(815301076,1909f56bfc062723c751e8b465ee728b)
Start importing Assets/Asteriod.prefab using Guid(1ab62fd0c2bf1cb4fa12624692ce5431) Importer(815301076,1909f56bfc062723c751e8b465ee728b)  -> (artifact id: 'ffb1beac5b9f07f0c602003b5ff04cb1') in 0.013820 seconds
  Import took 0.017438 seconds .

========================================================================
Received Import Request.
  Time since last request: 46.369917 seconds.
  path: ProjectSettings/TagManager.asset
  artifactKey: Guid(00000000000000003000000000000000) Importer(815301076,1909f56bfc062723c751e8b465ee728b)
Start importing ProjectSettings/TagManager.asset using Guid(00000000000000003000000000000000) Importer(815301076,1909f56bfc062723c751e8b465ee728b)  -> (artifact id: '412dcb57b31f49cb50955ec4e4cd9f98') in 0.013530 seconds
  Import took 0.018488 seconds .

========================================================================
Received Prepare
Registering precompiled user dll's ...
Registered in 0.001992 seconds.
Begin MonoManager ReloadAssembly
Native extension for WindowsStandalone target not found
Refreshing native plugins compatible for Editor in 0.69 ms, found 1 plugins.
Preloading 0 native plugins for Editor in 0.00 ms.
Mono: successfully reloaded assembly
- Completed reload, in  2.031 seconds
Platform modules already initialized, skipping
Refreshing native plugins compatible for Editor in 0.69 ms, found 1 plugins.
Preloading 0 native plugins for Editor in 0.00 ms.
Unloading 1809 Unused Serialized files (Serialized files now loaded: 0)
System memory in use before: 88.1 MB.
System memory in use after: 88.1 MB.

Unloading 13 unused Assets to reduce memory usage. Loaded Objects now: 2272.
Total: 3.517400 ms (FindLiveObjects: 0.311000 ms CreateObjectMapping: 0.216500 ms MarkObjects: 2.828900 ms  DeleteObjects: 0.159400 ms)

========================================================================
Received Import Request.
  Time since last request: 21.651384 seconds.
  path: Assets/Asteriod.prefab
  artifactKey: Guid(1ab62fd0c2bf1cb4fa12624692ce5431) Importer(815301076,1909f56bfc062723c751e8b465ee728b)
Start importing Assets/Asteriod.prefab using Guid(1ab62fd0c2bf1cb4fa12624692ce5431) Importer(815301076,1909f56bfc062723c751e8b465ee728b)  -> (artifact id: 'a26803c2b38a7a7b5b5be8b870d7bceb') in 0.107411 seconds
  Import took 0.114096 seconds .

========================================================================
Received Prepare
Registering precompiled user dll's ...
Registered in 0.001897 seconds.
Begin MonoManager ReloadAssembly
Native extension for WindowsStandalone target not found
Refreshing native plugins compatible for Editor in 0.37 ms, found 1 plugins.
Preloading 0 native plugins for Editor in 0.00 ms.
Mono: successfully reloaded assembly
- Completed reload, in  0.845 seconds
Platform modules already initialized, skipping
Refreshing native plugins compatible for Editor in 0.35 ms, found 1 plugins.
Preloading 0 native plugins for Editor in 0.00 ms.
Unloading 1809 Unused Serialized files (Serialized files now loaded: 0)
System memory in use before: 88.1 MB.
System memory in use after: 88.1 MB.

Unloading 12 unused Assets to reduce memory usage. Loaded Objects now: 2277.
Total: 2.132000 ms (FindLiveObjects: 0.185400 ms CreateObjectMapping: 0.106800 ms MarkObjects: 1.736900 ms  DeleteObjects: 0.101800 ms)

========================================================================
Received Prepare
Registering precompiled user dll's ...
Registered in 0.001904 seconds.
Begin MonoManager ReloadAssembly
Native extension for WindowsStandalone target not found
Refreshing native plugins compatible for Editor in 0.76 ms, found 1 plugins.
Preloading 0 native plugins for Editor in 0.00 ms.
Mono: successfully reloaded assembly
- Completed reload, in  1.962 seconds
Platform modules already initialized, skipping
Refreshing native plugins compatible for Editor in 0.69 ms, found 1 plugins.
Preloading 0 native plugins for Editor in 0.00 ms.
Unloading 1809 Unused Serialized files (Serialized files now loaded: 0)
System memory in use before: 88.2 MB.
System memory in use after: 88.1 MB.

Unloading 12 unused Assets to reduce memory usage. Loaded Objects now: 2281.
Total: 3.634100 ms (FindLiveObjects: 0.517800 ms CreateObjectMapping: 0.196000 ms MarkObjects: 2.716100 ms  DeleteObjects: 0.201800 ms)

========================================================================
Received Prepare
Registering precompiled user dll's ...
Registered in 0.000898 seconds.
Begin MonoManager ReloadAssembly
Native extension for WindowsStandalone target not found
Refreshing native plugins compatible for Editor in 0.70 ms, found 1 plugins.
Preloading 0 native plugins for Editor in 0.00 ms.
Mono: successfully reloaded assembly
- Completed reload, in  1.989 seconds
Platform modules already initialized, skipping
Refreshing native plugins compatible for Editor in 0.73 ms, found 1 plugins.
Preloading 0 native plugins for Editor in 0.00 ms.
Unloading 1809 Unused Serialized files (Serialized files now loaded: 0)
System memory in use before: 88.2 MB.
System memory in use after: 88.1 MB.

Unloading 12 unused Assets to reduce memory usage. Loaded Objects now: 2285.
Total: 3.433600 ms (FindLiveObjects: 0.443300 ms CreateObjectMapping: 0.257500 ms MarkObjects: 2.596500 ms  DeleteObjects: 0.134700 ms)

========================================================================
Received Import Request.
  Time since last request: 55.705900 seconds.
  path: Assets/Bullets.prefab
  artifactKey: Guid(87e04ee4c8fdb7048b8428282e796724) Importer(815301076,1909f56bfc062723c751e8b465ee728b)
Start importing Assets/Bullets.prefab using Guid(87e04ee4c8fdb7048b8428282e796724) Importer(815301076,1909f56bfc062723c751e8b465ee728b)  -> (artifact id: '6bb6169e0b9fdec79fe25fb7ddc9fd7a') in 0.122220 seconds
  Import took 0.128441 seconds .

========================================================================
Received Prepare
Registering precompiled user dll's ...
Registered in 0.002449 seconds.
Begin MonoManager ReloadAssembly
Native extension for WindowsStandalone target not found
Refreshing native plugins compatible for Editor in 0.81 ms, found 1 plugins.
Preloading 0 native plugins for Editor in 0.00 ms.
Mono: successfully reloaded assembly
- Completed reload, in  1.823 seconds
Platform modules already initialized, skipping
Refreshing native plugins compatible for Editor in 0.67 ms, found 1 plugins.
Preloading 0 native plugins for Editor in 0.00 ms.
Unloading 1809 Unused Serialized files (Serialized files now loaded: 0)
System memory in use before: 88.2 MB.
System memory in use after: 88.2 MB.

Unloading 12 unused Assets to reduce memory usage. Loaded Objects now: 2290.
Total: 4.575300 ms (FindLiveObjects: 0.547500 ms CreateObjectMapping: 0.186600 ms MarkObjects: 3.615200 ms  DeleteObjects: 0.223600 ms)

========================================================================
Received Prepare
Registering precompiled user dll's ...
Registered in 0.001069 seconds.
Begin MonoManager ReloadAssembly
Native extension for WindowsStandalone target not found
Refreshing native plugins compatible for Editor in 0.67 ms, found 1 plugins.
Preloading 0 native plugins for Editor in 0.00 ms.
Mono: successfully reloaded assembly
- Completed reload, in  1.562 seconds
Platform modules already initialized, skipping
Script error: OnCollisionEnter2D
This message parameter has to be of type: Collision2D
The message will be ignored.

Refreshing native plugins compatible for Editor in 0.67 ms, found 1 plugins.
Preloading 0 native plugins for Editor in 0.00 ms.
Unloading 1809 Unused Serialized files (Serialized files now loaded: 0)
System memory in use before: 88.3 MB.
System memory in use after: 88.3 MB.

Unloading 12 unused Assets to reduce memory usage. Loaded Objects now: 2294.
Total: 2.896700 ms (FindLiveObjects: 0.195900 ms CreateObjectMapping: 0.056300 ms MarkObjects: 2.403700 ms  DeleteObjects: 0.238900 ms)

========================================================================
Received Prepare
Registering precompiled user dll's ...
Registered in 0.000876 seconds.
Begin MonoManager ReloadAssembly
Native extension for WindowsStandalone target not found
Refreshing native plugins compatible for Editor in 0.69 ms, found 1 plugins.
Preloading 0 native plugins for Editor in 0.00 ms.
Mono: successfully reloaded assembly
- Completed reload, in  1.749 seconds
Platform modules already initialized, skipping
Refreshing native plugins compatible for Editor in 0.69 ms, found 1 plugins.
Preloading 0 native plugins for Editor in 0.00 ms.
Unloading 1809 Unused Serialized files (Serialized files now loaded: 0)
System memory in use before: 88.3 MB.
System memory in use after: 88.3 MB.

Unloading 12 unused Assets to reduce memory usage. Loaded Objects now: 2298.
Total: 2.902300 ms (FindLiveObjects: 0.349000 ms CreateObjectMapping: 0.100200 ms MarkObjects: 2.332800 ms  DeleteObjects: 0.118500 ms)

========================================================================
Received Prepare
Registering precompiled user dll's ...
Registered in 0.001653 seconds.
Begin MonoManager ReloadAssembly
Native extension for WindowsStandalone target not found
Refreshing native plugins compatible for Editor in 0.70 ms, found 1 plugins.
Preloading 0 native plugins for Editor in 0.00 ms.
Mono: successfully reloaded assembly
- Completed reload, in  1.881 seconds
Platform modules already initialized, skipping
Refreshing native plugins compatible for Editor in 0.76 ms, found 1 plugins.
Preloading 0 native plugins for Editor in 0.00 ms.
Unloading 1809 Unused Serialized files (Serialized files now loaded: 0)
System memory in use before: 88.3 MB.
System memory in use after: 88.3 MB.

Unloading 12 unused Assets to reduce memory usage. Loaded Objects now: 2302.
Total: 3.654400 ms (FindLiveObjects: 0.332400 ms CreateObjectMapping: 0.151100 ms MarkObjects: 3.047500 ms  DeleteObjects: 0.121500 ms)

========================================================================
Received Import Request.
  Time since last request: 511.941790 seconds.
  path: Assets/Bullets.prefab
  artifactKey: Guid(87e04ee4c8fdb7048b8428282e796724) Importer(815301076,1909f56bfc062723c751e8b465ee728b)
Start importing Assets/Bullets.prefab using Guid(87e04ee4c8fdb7048b8428282e796724) Importer(815301076,1909f56bfc062723c751e8b465ee728b)  -> (artifact id: '4d39b34286dd8f6a3a554690d6373d48') in 0.089845 seconds
  Import took 0.095740 seconds .

========================================================================
Received Import Request.
  Time since last request: 8.376869 seconds.
  path: Assets/Bullets.prefab
  artifactKey: Guid(87e04ee4c8fdb7048b8428282e796724) Importer(815301076,1909f56bfc062723c751e8b465ee728b)
Start importing Assets/Bullets.prefab using Guid(87e04ee4c8fdb7048b8428282e796724) Importer(815301076,1909f56bfc062723c751e8b465ee728b)  -> (artifact id: '27f16ae55764e3b932d5ef5906ac5220') in 0.013964 seconds
  Import took 0.017762 seconds .

========================================================================
Received Import Request.
  Time since last request: 8.412977 seconds.
  path: Assets/Asteriod.prefab
  artifactKey: Guid(1ab62fd0c2bf1cb4fa12624692ce5431) Importer(815301076,1909f56bfc062723c751e8b465ee728b)
Start importing Assets/Asteriod.prefab using Guid(1ab62fd0c2bf1cb4fa12624692ce5431) Importer(815301076,1909f56bfc062723c751e8b465ee728b)  -> (artifact id: 'cc9357080de89c07a637e56c7c23fd62') in 0.013805 seconds
  Import took 0.018393 seconds .

========================================================================
Received Prepare
Registering precompiled user dll's ...
Registered in 0.000869 seconds.
Begin MonoManager ReloadAssembly
Native extension for WindowsStandalone target not found
Refreshing native plugins compatible for Editor in 0.67 ms, found 1 plugins.
Preloading 0 native plugins for Editor in 0.00 ms.
Mono: successfully reloaded assembly
- Completed reload, in  1.544 seconds
Platform modules already initialized, skipping
Refreshing native plugins compatible for Editor in 0.53 ms, found 1 plugins.
Preloading 0 native plugins for Editor in 0.00 ms.
Unloading 1809 Unused Serialized files (Serialized files now loaded: 0)
System memory in use before: 88.4 MB.
System memory in use after: 88.3 MB.

Unloading 12 unused Assets to reduce memory usage. Loaded Objects now: 2307.
Total: 2.885900 ms (FindLiveObjects: 0.234200 ms CreateObjectMapping: 0.221000 ms MarkObjects: 2.274000 ms  DeleteObjects: 0.155500 ms)

========================================================================
Received Import Request.
  Time since last request: 1886.951264 seconds.
  path: Assets/BulletSpawn.cs
  artifactKey: Guid(d9f07b90ac3a3c74098bcf31eb31c4d8) Importer(815301076,1909f56bfc062723c751e8b465ee728b)
Start importing Assets/BulletSpawn.cs using Guid(d9f07b90ac3a3c74098bcf31eb31c4d8) Importer(815301076,1909f56bfc062723c751e8b465ee728b)  -> (artifact id: '3f56954229b508e71f00336a7edb7c36') in 0.028929 seconds
  Import took 0.033856 seconds .

========================================================================
Received Prepare
Registering precompiled user dll's ...
Registered in 0.000839 seconds.
Begin MonoManager ReloadAssembly
Native extension for WindowsStandalone target not found
Refreshing native plugins compatible for Editor in 0.70 ms, found 1 plugins.
Preloading 0 native plugins for Editor in 0.00 ms.
Mono: successfully reloaded assembly
- Completed reload, in  1.605 seconds
Platform modules already initialized, skipping
Refreshing native plugins compatible for Editor in 0.69 ms, found 1 plugins.
Preloading 0 native plugins for Editor in 0.00 ms.
Unloading 1810 Unused Serialized files (Serialized files now loaded: 0)
System memory in use before: 88.4 MB.
System memory in use after: 88.4 MB.

Unloading 12 unused Assets to reduce memory usage. Loaded Objects now: 2312.
Total: 3.559300 ms (FindLiveObjects: 0.352300 ms CreateObjectMapping: 0.175100 ms MarkObjects: 2.653600 ms  DeleteObjects: 0.376400 ms)

========================================================================
Received Prepare
Registering precompiled user dll's ...
Registered in 0.000947 seconds.
Begin MonoManager ReloadAssembly
Native extension for WindowsStandalone target not found
Refreshing native plugins compatible for Editor in 0.54 ms, found 1 plugins.
Preloading 0 native plugins for Editor in 0.00 ms.
Mono: successfully reloaded assembly
- Completed reload, in  1.672 seconds
Platform modules already initialized, skipping
Refreshing native plugins compatible for Editor in 0.65 ms, found 1 plugins.
Preloading 0 native plugins for Editor in 0.00 ms.
Unloading 1810 Unused Serialized files (Serialized files now loaded: 0)
System memory in use before: 88.4 MB.
System memory in use after: 88.4 MB.

Unloading 12 unused Assets to reduce memory usage. Loaded Objects now: 2316.
Total: 4.229900 ms (FindLiveObjects: 0.344400 ms CreateObjectMapping: 0.141200 ms MarkObjects: 3.497500 ms  DeleteObjects: 0.244700 ms)

========================================================================
Received Prepare
Registering precompiled user dll's ...
Registered in 0.000857 seconds.
Begin MonoManager ReloadAssembly
Native extension for WindowsStandalone target not found
Refreshing native plugins compatible for Editor in 0.34 ms, found 1 plugins.
Preloading 0 native plugins for Editor in 0.00 ms.
Mono: successfully reloaded assembly
- Completed reload, in  1.309 seconds
Platform modules already initialized, skipping
Refreshing native plugins compatible for Editor in 0.65 ms, found 1 plugins.
Preloading 0 native plugins for Editor in 0.00 ms.
Unloading 1810 Unused Serialized files (Serialized files now loaded: 0)
System memory in use before: 88.4 MB.
System memory in use after: 88.4 MB.

Unloading 12 unused Assets to reduce memory usage. Loaded Objects now: 2320.
Total: 2.967000 ms (FindLiveObjects: 0.207800 ms CreateObjectMapping: 0.083800 ms MarkObjects: 2.536700 ms  DeleteObjects: 0.137300 ms)

========================================================================
Received Import Request.
  Time since last request: 133.479306 seconds.
  path: Assets/BulletSpawn.cs
  artifactKey: Guid(d9f07b90ac3a3c74098bcf31eb31c4d8) Importer(815301076,1909f56bfc062723c751e8b465ee728b)
Start importing Assets/BulletSpawn.cs using Guid(d9f07b90ac3a3c74098bcf31eb31c4d8) Importer(815301076,1909f56bfc062723c751e8b465ee728b)  -> (artifact id: '92874ba703b79a03c44f1087a780beb3') in 0.011240 seconds
  Import took 0.018961 seconds .

========================================================================
Received Import Request.
  Time since last request: 32.661776 seconds.
  path: Assets/Bullets.prefab
  artifactKey: Guid(87e04ee4c8fdb7048b8428282e796724) Importer(815301076,1909f56bfc062723c751e8b465ee728b)
Start importing Assets/Bullets.prefab using Guid(87e04ee4c8fdb7048b8428282e796724) Importer(815301076,1909f56bfc062723c751e8b465ee728b)  -> (artifact id: '0516240b441d3202fedf2486a1981031') in 0.100401 seconds
  Import took 0.107958 seconds .

========================================================================
Received Import Request.
  Time since last request: 6.449878 seconds.
  path: Assets/Bullets.prefab
  artifactKey: Guid(87e04ee4c8fdb7048b8428282e796724) Importer(815301076,1909f56bfc062723c751e8b465ee728b)
Start importing Assets/Bullets.prefab using Guid(87e04ee4c8fdb7048b8428282e796724) Importer(815301076,1909f56bfc062723c751e8b465ee728b)  -> (artifact id: '44977e717e01c31e170fab688da87810') in 0.012055 seconds
  Import took 0.016159 seconds .

========================================================================
Received Import Request.
  Time since last request: 0.753371 seconds.
  path: Assets/Bullets.prefab
  artifactKey: Guid(87e04ee4c8fdb7048b8428282e796724) Importer(815301076,1909f56bfc062723c751e8b465ee728b)
Start importing Assets/Bullets.prefab using Guid(87e04ee4c8fdb7048b8428282e796724) Importer(815301076,1909f56bfc062723c751e8b465ee728b)  -> (artifact id: 'ee146ab4af324a0c1068fedf326695ee') in 0.010421 seconds
  Import took 0.014136 seconds .

========================================================================
Received Import Request.
  Time since last request: 31.424970 seconds.
  path: Assets/BulletMovement.cs
  artifactKey: Guid(d691eb22981169b44925f833119060e6) Importer(815301076,1909f56bfc062723c751e8b465ee728b)
Start importing Assets/BulletMovement.cs using Guid(d691eb22981169b44925f833119060e6) Importer(815301076,1909f56bfc062723c751e8b465ee728b)  -> (artifact id: 'a3c5eb12b3acf5c7c146f8afc42bf47c') in 0.006497 seconds
  Import took 0.010071 seconds .

========================================================================
Received Import Request.
  Time since last request: 0.024234 seconds.
  path: Assets/BulletMovement.cs
  artifactKey: Guid(d691eb22981169b44925f833119060e6) Importer(815301076,1909f56bfc062723c751e8b465ee728b)
Start importing Assets/BulletMovement.cs using Guid(d691eb22981169b44925f833119060e6) Importer(815301076,1909f56bfc062723c751e8b465ee728b)  -> (artifact id: 'a3c5eb12b3acf5c7c146f8afc42bf47c') in 0.003059 seconds
  Import took 0.005988 seconds .

========================================================================
Received Prepare
Registering precompiled user dll's ...
Registered in 0.001952 seconds.
Begin MonoManager ReloadAssembly
Native extension for WindowsStandalone target not found
Refreshing native plugins compatible for Editor in 0.34 ms, found 1 plugins.
Preloading 0 native plugins for Editor in 0.00 ms.
Mono: successfully reloaded assembly
- Completed reload, in  0.846 seconds
Platform modules already initialized, skipping
Refreshing native plugins compatible for Editor in 0.36 ms, found 1 plugins.
Preloading 0 native plugins for Editor in 0.00 ms.
Unloading 1810 Unused Serialized files (Serialized files now loaded: 0)
System memory in use before: 88.4 MB.
System memory in use after: 88.4 MB.

Unloading 12 unused Assets to reduce memory usage. Loaded Objects now: 2325.
Total: 1.995500 ms (FindLiveObjects: 0.174000 ms CreateObjectMapping: 0.060100 ms MarkObjects: 1.646200 ms  DeleteObjects: 0.114100 ms)

========================================================================
Received Prepare
Registering precompiled user dll's ...
Registered in 0.001946 seconds.
Begin MonoManager ReloadAssembly
Native extension for WindowsStandalone target not found
Refreshing native plugins compatible for Editor in 0.38 ms, found 1 plugins.
Preloading 0 native plugins for Editor in 0.00 ms.
Mono: successfully reloaded assembly
- Completed reload, in  0.870 seconds
Platform modules already initialized, skipping
Refreshing native plugins compatible for Editor in 0.33 ms, found 1 plugins.
Preloading 0 native plugins for Editor in 0.00 ms.
Unloading 1810 Unused Serialized files (Serialized files now loaded: 0)
System memory in use before: 88.4 MB.
System memory in use after: 88.4 MB.

Unloading 12 unused Assets to reduce memory usage. Loaded Objects now: 2329.
Total: 2.535800 ms (FindLiveObjects: 0.384200 ms CreateObjectMapping: 0.267000 ms MarkObjects: 1.772900 ms  DeleteObjects: 0.110100 ms)

========================================================================
Received Prepare
Registering precompiled user dll's ...
Registered in 0.001020 seconds.
Begin MonoManager ReloadAssembly
Native extension for WindowsStandalone target not found
Refreshing native plugins compatible for Editor in 0.34 ms, found 1 plugins.
Preloading 0 native plugins for Editor in 0.00 ms.
Mono: successfully reloaded assembly
- Completed reload, in  0.859 seconds
Platform modules already initialized, skipping
Refreshing native plugins compatible for Editor in 0.36 ms, found 1 plugins.
Preloading 0 native plugins for Editor in 0.00 ms.
Unloading 1810 Unused Serialized files (Serialized files now loaded: 0)
System memory in use before: 88.4 MB.
System memory in use after: 88.4 MB.

Unloading 12 unused Assets to reduce memory usage. Loaded Objects now: 2333.
Total: 2.084000 ms (FindLiveObjects: 0.206400 ms CreateObjectMapping: 0.082000 ms MarkObjects: 1.678400 ms  DeleteObjects: 0.115900 ms)

========================================================================
Received Prepare
Registering precompiled user dll's ...
Registered in 0.002194 seconds.
Begin MonoManager ReloadAssembly
Native extension for WindowsStandalone target not found
Refreshing native plugins compatible for Editor in 0.36 ms, found 1 plugins.
Preloading 0 native plugins for Editor in 0.00 ms.
Mono: successfully reloaded assembly
- Completed reload, in  1.769 seconds
Platform modules already initialized, skipping
Refreshing native plugins compatible for Editor in 1.07 ms, found 1 plugins.
Preloading 0 native plugins for Editor in 0.00 ms.
Unloading 1810 Unused Serialized files (Serialized files now loaded: 0)
System memory in use before: 88.4 MB.
System memory in use after: 88.4 MB.

Unloading 12 unused Assets to reduce memory usage. Loaded Objects now: 2337.
Total: 4.456900 ms (FindLiveObjects: 0.477400 ms CreateObjectMapping: 0.206100 ms MarkObjects: 3.529100 ms  DeleteObjects: 0.241400 ms)

========================================================================
Received Prepare
Registering precompiled user dll's ...
Registered in 0.000853 seconds.
Begin MonoManager ReloadAssembly
Native extension for WindowsStandalone target not found
Refreshing native plugins compatible for Editor in 0.77 ms, found 1 plugins.
Preloading 0 native plugins for Editor in 0.00 ms.
Mono: successfully reloaded assembly
- Completed reload, in  1.429 seconds
Platform modules already initialized, skipping
Refreshing native plugins compatible for Editor in 0.48 ms, found 1 plugins.
Preloading 0 native plugins for Editor in 0.00 ms.
Unloading 1810 Unused Serialized files (Serialized files now loaded: 0)
System memory in use before: 88.5 MB.
System memory in use after: 88.4 MB.

Unloading 12 unused Assets to reduce memory usage. Loaded Objects now: 2341.
Total: 3.078400 ms (FindLiveObjects: 0.305700 ms CreateObjectMapping: 0.118200 ms MarkObjects: 2.529700 ms  DeleteObjects: 0.123200 ms)

========================================================================
Received Prepare
Registering precompiled user dll's ...
Registered in 0.000922 seconds.
Begin MonoManager ReloadAssembly
Native extension for WindowsStandalone target not found
Refreshing native plugins compatible for Editor in 0.79 ms, found 1 plugins.
Preloading 0 native plugins for Editor in 0.00 ms.
Mono: successfully reloaded assembly
- Completed reload, in  1.348 seconds
Platform modules already initialized, skipping
Refreshing native plugins compatible for Editor in 0.67 ms, found 1 plugins.
Preloading 0 native plugins for Editor in 0.00 ms.
Unloading 1810 Unused Serialized files (Serialized files now loaded: 0)
System memory in use before: 88.5 MB.
System memory in use after: 88.4 MB.

Unloading 12 unused Assets to reduce memory usage. Loaded Objects now: 2345.
Total: 4.272900 ms (FindLiveObjects: 0.527100 ms CreateObjectMapping: 0.310000 ms MarkObjects: 3.191900 ms  DeleteObjects: 0.241600 ms)

========================================================================
Received Prepare
Registering precompiled user dll's ...
Registered in 0.001898 seconds.
Begin MonoManager ReloadAssembly
Native extension for WindowsStandalone target not found
Refreshing native plugins compatible for Editor in 0.48 ms, found 1 plugins.
Preloading 0 native plugins for Editor in 0.00 ms.
Mono: successfully reloaded assembly
- Completed reload, in  0.834 seconds
Platform modules already initialized, skipping
Refreshing native plugins compatible for Editor in 0.33 ms, found 1 plugins.
Preloading 0 native plugins for Editor in 0.00 ms.
Unloading 1810 Unused Serialized files (Serialized files now loaded: 0)
System memory in use before: 88.5 MB.
System memory in use after: 88.4 MB.

Unloading 12 unused Assets to reduce memory usage. Loaded Objects now: 2349.
Total: 2.222800 ms (FindLiveObjects: 0.290300 ms CreateObjectMapping: 0.153900 ms MarkObjects: 1.664500 ms  DeleteObjects: 0.112600 ms)

========================================================================
Received Prepare
Registering precompiled user dll's ...
Registered in 0.000898 seconds.
Begin MonoManager ReloadAssembly
Native extension for WindowsStandalone target not found
Refreshing native plugins compatible for Editor in 0.60 ms, found 1 plugins.
Preloading 0 native plugins for Editor in 0.00 ms.
Mono: successfully reloaded assembly
- Completed reload, in  1.253 seconds
Platform modules already initialized, skipping
Refreshing native plugins compatible for Editor in 0.80 ms, found 1 plugins.
Preloading 0 native plugins for Editor in 0.00 ms.
Unloading 1810 Unused Serialized files (Serialized files now loaded: 0)
System memory in use before: 88.5 MB.
System memory in use after: 88.5 MB.

Unloading 12 unused Assets to reduce memory usage. Loaded Objects now: 2353.
Total: 3.774500 ms (FindLiveObjects: 0.398800 ms CreateObjectMapping: 0.188900 ms MarkObjects: 3.022400 ms  DeleteObjects: 0.162300 ms)

========================================================================
Received Import Request.
  Time since last request: 341.078483 seconds.
  path: Assets/Asteriod.prefab
  artifactKey: Guid(1ab62fd0c2bf1cb4fa12624692ce5431) Importer(815301076,1909f56bfc062723c751e8b465ee728b)
Start importing Assets/Asteriod.prefab using Guid(1ab62fd0c2bf1cb4fa12624692ce5431) Importer(815301076,1909f56bfc062723c751e8b465ee728b)  -> (artifact id: 'ed996f5d9da18b5734737d943768abda') in 0.066628 seconds
  Import took 0.071212 seconds .

========================================================================
Received Import Request.
  Time since last request: 5.911297 seconds.
  path: Assets/Bullets.prefab
  artifactKey: Guid(87e04ee4c8fdb7048b8428282e796724) Importer(815301076,1909f56bfc062723c751e8b465ee728b)
Start importing Assets/Bullets.prefab using Guid(87e04ee4c8fdb7048b8428282e796724) Importer(815301076,1909f56bfc062723c751e8b465ee728b)  -> (artifact id: 'ea67e09394596804951c0cc57e0db134') in 0.014167 seconds
  Import took 0.017874 seconds .

========================================================================
Received Import Request.
  Time since last request: 3.167510 seconds.
  path: Assets/Bullets.prefab
  artifactKey: Guid(87e04ee4c8fdb7048b8428282e796724) Importer(815301076,1909f56bfc062723c751e8b465ee728b)
Start importing Assets/Bullets.prefab using Guid(87e04ee4c8fdb7048b8428282e796724) Importer(815301076,1909f56bfc062723c751e8b465ee728b)  -> (artifact id: '52a81ba26104e466d16e399ad31a4f1a') in 0.011764 seconds
  Import took 0.015760 seconds .

========================================================================
Received Prepare
Registering precompiled user dll's ...
Registered in 0.000827 seconds.
Begin MonoManager ReloadAssembly
Native extension for WindowsStandalone target not found
Refreshing native plugins compatible for Editor in 0.51 ms, found 1 plugins.
Preloading 0 native plugins for Editor in 0.00 ms.
Mono: successfully reloaded assembly
- Completed reload, in  1.321 seconds
Platform modules already initialized, skipping
Refreshing native plugins compatible for Editor in 0.68 ms, found 1 plugins.
Preloading 0 native plugins for Editor in 0.00 ms.
Unloading 1810 Unused Serialized files (Serialized files now loaded: 0)
System memory in use before: 88.5 MB.
System memory in use after: 88.5 MB.

Unloading 12 unused Assets to reduce memory usage. Loaded Objects now: 2358.
Total: 3.353300 ms (FindLiveObjects: 0.191300 ms CreateObjectMapping: 0.053900 ms MarkObjects: 2.913900 ms  DeleteObjects: 0.192300 ms)

========================================================================
Received Prepare
Registering precompiled user dll's ...
Registered in 0.001203 seconds.
Begin MonoManager ReloadAssembly
Native extension for WindowsStandalone target not found
Refreshing native plugins compatible for Editor in 0.37 ms, found 1 plugins.
Preloading 0 native plugins for Editor in 0.00 ms.
Mono: successfully reloaded assembly
- Completed reload, in  0.842 seconds
Platform modules already initialized, skipping
Refreshing native plugins compatible for Editor in 0.34 ms, found 1 plugins.
Preloading 0 native plugins for Editor in 0.00 ms.
Unloading 1810 Unused Serialized files (Serialized files now loaded: 0)
System memory in use before: 88.5 MB.
System memory in use after: 88.5 MB.

Unloading 12 unused Assets to reduce memory usage. Loaded Objects now: 2362.
Total: 2.880800 ms (FindLiveObjects: 0.305000 ms CreateObjectMapping: 0.114900 ms MarkObjects: 2.306200 ms  DeleteObjects: 0.152900 ms)

========================================================================
Received Prepare
Registering precompiled user dll's ...
Registered in 0.002234 seconds.
Begin MonoManager ReloadAssembly
Native extension for WindowsStandalone target not found
Refreshing native plugins compatible for Editor in 0.68 ms, found 1 plugins.
Preloading 0 native plugins for Editor in 0.00 ms.
Mono: successfully reloaded assembly
- Completed reload, in  2.028 seconds
Platform modules already initialized, skipping
Refreshing native plugins compatible for Editor in 0.70 ms, found 1 plugins.
Preloading 0 native plugins for Editor in 0.00 ms.
Unloading 1810 Unused Serialized files (Serialized files now loaded: 0)
System memory in use before: 88.5 MB.
System memory in use after: 88.5 MB.

Unloading 12 unused Assets to reduce memory usage. Loaded Objects now: 2366.
Total: 3.712800 ms (FindLiveObjects: 0.375300 ms CreateObjectMapping: 0.139400 ms MarkObjects: 3.074400 ms  DeleteObjects: 0.122000 ms)

========================================================================
Received Prepare
Registering precompiled user dll's ...
Registered in 0.000819 seconds.
Begin MonoManager ReloadAssembly
Native extension for WindowsStandalone target not found
Refreshing native plugins compatible for Editor in 0.37 ms, found 1 plugins.
Preloading 0 native plugins for Editor in 0.00 ms.
Mono: successfully reloaded assembly
- Completed reload, in  0.865 seconds
Platform modules already initialized, skipping
Refreshing native plugins compatible for Editor in 0.40 ms, found 1 plugins.
Preloading 0 native plugins for Editor in 0.00 ms.
Unloading 1810 Unused Serialized files (Serialized files now loaded: 0)
System memory in use before: 88.5 MB.
System memory in use after: 88.5 MB.

Unloading 12 unused Assets to reduce memory usage. Loaded Objects now: 2370.
Total: 3.020900 ms (FindLiveObjects: 0.306200 ms CreateObjectMapping: 0.062200 ms MarkObjects: 2.524100 ms  DeleteObjects: 0.127300 ms)

========================================================================
Received Import Request.
  Time since last request: 4145.811257 seconds.
  path: Assets/Bullets.prefab
  artifactKey: Guid(87e04ee4c8fdb7048b8428282e796724) Importer(815301076,1909f56bfc062723c751e8b465ee728b)
Start importing Assets/Bullets.prefab using Guid(87e04ee4c8fdb7048b8428282e796724) Importer(815301076,1909f56bfc062723c751e8b465ee728b)  -> (artifact id: '4043b2b7b29e8d31f79f57fb45aacc40') in 0.056725 seconds
  Import took 0.060175 seconds .

========================================================================
Received Import Request.
  Time since last request: 2.651047 seconds.
  path: Assets/Bullets.prefab
  artifactKey: Guid(87e04ee4c8fdb7048b8428282e796724) Importer(815301076,1909f56bfc062723c751e8b465ee728b)
Start importing Assets/Bullets.prefab using Guid(87e04ee4c8fdb7048b8428282e796724) Importer(815301076,1909f56bfc062723c751e8b465ee728b)  -> (artifact id: 'e0a01896960aa9ba6e6c6a8669d24412') in 0.010201 seconds
  Import took 0.015133 seconds .

========================================================================
Received Import Request.
  Time since last request: 10.903599 seconds.
  path: Assets/Asteriod.prefab
  artifactKey: Guid(1ab62fd0c2bf1cb4fa12624692ce5431) Importer(815301076,1909f56bfc062723c751e8b465ee728b)
Start importing Assets/Asteriod.prefab using Guid(1ab62fd0c2bf1cb4fa12624692ce5431) Importer(815301076,1909f56bfc062723c751e8b465ee728b)  -> (artifact id: '2998ebeacae91ce29dd0f2de75f1d0d1') in 0.012544 seconds
  Import took 0.016112 seconds .

========================================================================
Received Prepare
Registering precompiled user dll's ...
Registered in 0.000939 seconds.
Begin MonoManager ReloadAssembly
Native extension for WindowsStandalone target not found
Refreshing native plugins compatible for Editor in 0.70 ms, found 1 plugins.
Preloading 0 native plugins for Editor in 0.00 ms.
Mono: successfully reloaded assembly
- Completed reload, in  1.924 seconds
Platform modules already initialized, skipping
Refreshing native plugins compatible for Editor in 0.70 ms, found 1 plugins.
Preloading 0 native plugins for Editor in 0.00 ms.
Unloading 1810 Unused Serialized files (Serialized files now loaded: 0)
System memory in use before: 88.5 MB.
System memory in use after: 88.5 MB.

Unloading 12 unused Assets to reduce memory usage. Loaded Objects now: 2375.
Total: 4.239500 ms (FindLiveObjects: 0.445400 ms CreateObjectMapping: 0.155400 ms MarkObjects: 3.383100 ms  DeleteObjects: 0.253000 ms)

========================================================================
Received Prepare
Registering precompiled user dll's ...
Registered in 0.000820 seconds.
Begin MonoManager ReloadAssembly
Native extension for WindowsStandalone target not found
Refreshing native plugins compatible for Editor in 0.41 ms, found 1 plugins.
Preloading 0 native plugins for Editor in 0.00 ms.
Mono: successfully reloaded assembly
- Completed reload, in  0.841 seconds
Platform modules already initialized, skipping
Refreshing native plugins compatible for Editor in 0.33 ms, found 1 plugins.
Preloading 0 native plugins for Editor in 0.00 ms.
Unloading 1810 Unused Serialized files (Serialized files now loaded: 0)
System memory in use before: 88.5 MB.
System memory in use after: 88.5 MB.

Unloading 12 unused Assets to reduce memory usage. Loaded Objects now: 2379.
Total: 2.092300 ms (FindLiveObjects: 0.245600 ms CreateObjectMapping: 0.093800 ms MarkObjects: 1.636500 ms  DeleteObjects: 0.114500 ms)

========================================================================
Received Prepare
Registering precompiled user dll's ...
Registered in 0.000968 seconds.
Begin MonoManager ReloadAssembly
Native extension for WindowsStandalone target not found
Refreshing native plugins compatible for Editor in 0.47 ms, found 1 plugins.
Preloading 0 native plugins for Editor in 0.00 ms.
Mono: successfully reloaded assembly
- Completed reload, in  0.835 seconds
Platform modules already initialized, skipping
Refreshing native plugins compatible for Editor in 0.32 ms, found 1 plugins.
Preloading 0 native plugins for Editor in 0.00 ms.
Unloading 1810 Unused Serialized files (Serialized files now loaded: 0)
System memory in use before: 88.5 MB.
System memory in use after: 88.5 MB.

Unloading 12 unused Assets to reduce memory usage. Loaded Objects now: 2383.
Total: 2.951900 ms (FindLiveObjects: 0.250500 ms CreateObjectMapping: 0.089900 ms MarkObjects: 2.464300 ms  DeleteObjects: 0.146100 ms)

========================================================================
Received Prepare
Registering precompiled user dll's ...
Registered in 0.000934 seconds.
Begin MonoManager ReloadAssembly
Native extension for WindowsStandalone target not found
Refreshing native plugins compatible for Editor in 0.36 ms, found 1 plugins.
Preloading 0 native plugins for Editor in 0.00 ms.
Mono: successfully reloaded assembly
- Completed reload, in  0.844 seconds
Platform modules already initialized, skipping
Refreshing native plugins compatible for Editor in 0.38 ms, found 1 plugins.
Preloading 0 native plugins for Editor in 0.00 ms.
Unloading 1810 Unused Serialized files (Serialized files now loaded: 0)
System memory in use before: 88.6 MB.
System memory in use after: 88.5 MB.

Unloading 12 unused Assets to reduce memory usage. Loaded Objects now: 2387.
Total: 2.320600 ms (FindLiveObjects: 0.196900 ms CreateObjectMapping: 0.065200 ms MarkObjects: 1.933500 ms  DeleteObjects: 0.124000 ms)

========================================================================
Received Prepare
Registering precompiled user dll's ...
Registered in 0.000896 seconds.
Begin MonoManager ReloadAssembly
Native extension for WindowsStandalone target not found
Refreshing native plugins compatible for Editor in 0.33 ms, found 1 plugins.
Preloading 0 native plugins for Editor in 0.00 ms.
Mono: successfully reloaded assembly
- Completed reload, in  0.832 seconds
Platform modules already initialized, skipping
Refreshing native plugins compatible for Editor in 0.35 ms, found 1 plugins.
Preloading 0 native plugins for Editor in 0.00 ms.
Unloading 1810 Unused Serialized files (Serialized files now loaded: 0)
System memory in use before: 88.6 MB.
System memory in use after: 88.5 MB.

Unloading 12 unused Assets to reduce memory usage. Loaded Objects now: 2391.
Total: 2.116300 ms (FindLiveObjects: 0.164400 ms CreateObjectMapping: 0.053500 ms MarkObjects: 1.786500 ms  DeleteObjects: 0.110800 ms)

========================================================================
Received Prepare
Registering precompiled user dll's ...
Registered in 0.000858 seconds.
Begin MonoManager ReloadAssembly
Native extension for WindowsStandalone target not found
Refreshing native plugins compatible for Editor in 0.41 ms, found 1 plugins.
Preloading 0 native plugins for Editor in 0.00 ms.
Mono: successfully reloaded assembly
- Completed reload, in  0.820 seconds
Platform modules already initialized, skipping
Refreshing native plugins compatible for Editor in 0.35 ms, found 1 plugins.
Preloading 0 native plugins for Editor in 0.00 ms.
Unloading 1810 Unused Serialized files (Serialized files now loaded: 0)
System memory in use before: 88.6 MB.
System memory in use after: 88.5 MB.

Unloading 12 unused Assets to reduce memory usage. Loaded Objects now: 2395.
Total: 2.475300 ms (FindLiveObjects: 0.338000 ms CreateObjectMapping: 0.118700 ms MarkObjects: 1.901000 ms  DeleteObjects: 0.116500 ms)

========================================================================
Received Prepare
Registering precompiled user dll's ...
Registered in 0.000811 seconds.
Begin MonoManager ReloadAssembly
Native extension for WindowsStandalone target not found
Refreshing native plugins compatible for Editor in 0.36 ms, found 1 plugins.
Preloading 0 native plugins for Editor in 0.00 ms.
Mono: successfully reloaded assembly
- Completed reload, in  0.838 seconds
Platform modules already initialized, skipping
Refreshing native plugins compatible for Editor in 0.35 ms, found 1 plugins.
Preloading 0 native plugins for Editor in 0.00 ms.
Unloading 1810 Unused Serialized files (Serialized files now loaded: 0)
System memory in use before: 88.6 MB.
System memory in use after: 88.6 MB.

Unloading 12 unused Assets to reduce memory usage. Loaded Objects now: 2399.
Total: 2.254000 ms (FindLiveObjects: 0.192900 ms CreateObjectMapping: 0.072500 ms MarkObjects: 1.876800 ms  DeleteObjects: 0.110500 ms)

========================================================================
Received Prepare
Registering precompiled user dll's ...
Registered in 0.000807 seconds.
Begin MonoManager ReloadAssembly
Native extension for WindowsStandalone target not found
Refreshing native plugins compatible for Editor in 0.61 ms, found 1 plugins.
Preloading 0 native plugins for Editor in 0.00 ms.
Mono: successfully reloaded assembly
- Completed reload, in  0.825 seconds
Platform modules already initialized, skipping
Refreshing native plugins compatible for Editor in 0.34 ms, found 1 plugins.
Preloading 0 native plugins for Editor in 0.00 ms.
Unloading 1810 Unused Serialized files (Serialized files now loaded: 0)
System memory in use before: 88.6 MB.
System memory in use after: 88.6 MB.

Unloading 12 unused Assets to reduce memory usage. Loaded Objects now: 2403.
Total: 2.921100 ms (FindLiveObjects: 0.190200 ms CreateObjectMapping: 0.067800 ms MarkObjects: 2.505300 ms  DeleteObjects: 0.156700 ms)

========================================================================
Received Prepare
Registering precompiled user dll's ...
Registered in 0.000845 seconds.
Begin MonoManager ReloadAssembly
Native extension for WindowsStandalone target not found
Refreshing native plugins compatible for Editor in 0.35 ms, found 1 plugins.
Preloading 0 native plugins for Editor in 0.00 ms.
Mono: successfully reloaded assembly
- Completed reload, in  0.845 seconds
Platform modules already initialized, skipping
Refreshing native plugins compatible for Editor in 0.40 ms, found 1 plugins.
Preloading 0 native plugins for Editor in 0.00 ms.
Unloading 1810 Unused Serialized files (Serialized files now loaded: 0)
System memory in use before: 88.6 MB.
System memory in use after: 88.6 MB.

Unloading 12 unused Assets to reduce memory usage. Loaded Objects now: 2407.
Total: 2.297300 ms (FindLiveObjects: 0.216300 ms CreateObjectMapping: 0.073600 ms MarkObjects: 1.892500 ms  DeleteObjects: 0.113900 ms)

========================================================================
Received Prepare
Registering precompiled user dll's ...
Registered in 0.000897 seconds.
Begin MonoManager ReloadAssembly
Native extension for WindowsStandalone target not found
Refreshing native plugins compatible for Editor in 0.34 ms, found 1 plugins.
Preloading 0 native plugins for Editor in 0.00 ms.
Mono: successfully reloaded assembly
- Completed reload, in  0.835 seconds
Platform modules already initialized, skipping
Refreshing native plugins compatible for Editor in 0.33 ms, found 1 plugins.
Preloading 0 native plugins for Editor in 0.00 ms.
Unloading 1810 Unused Serialized files (Serialized files now loaded: 0)
System memory in use before: 88.6 MB.
System memory in use after: 88.6 MB.

Unloading 12 unused Assets to reduce memory usage. Loaded Objects now: 2411.
Total: 2.348800 ms (FindLiveObjects: 0.193000 ms CreateObjectMapping: 0.096700 ms MarkObjects: 1.945700 ms  DeleteObjects: 0.111700 ms)

========================================================================
Received Prepare
Registering precompiled user dll's ...
Registered in 0.000876 seconds.
Begin MonoManager ReloadAssembly
Native extension for WindowsStandalone target not found
Refreshing native plugins compatible for Editor in 0.36 ms, found 1 plugins.
Preloading 0 native plugins for Editor in 0.00 ms.
Mono: successfully reloaded assembly
- Completed reload, in  0.871 seconds
Platform modules already initialized, skipping
Refreshing native plugins compatible for Editor in 0.37 ms, found 1 plugins.
Preloading 0 native plugins for Editor in 0.00 ms.
Unloading 1810 Unused Serialized files (Serialized files now loaded: 0)
System memory in use before: 88.6 MB.
System memory in use after: 88.6 MB.

Unloading 12 unused Assets to reduce memory usage. Loaded Objects now: 2415.
Total: 2.833300 ms (FindLiveObjects: 0.228300 ms CreateObjectMapping: 0.079900 ms MarkObjects: 2.416300 ms  DeleteObjects: 0.107700 ms)

========================================================================
Received Import Request.
  Time since last request: 1093.013614 seconds.
  path: Assets/Asteriod.prefab
  artifactKey: Guid(1ab62fd0c2bf1cb4fa12624692ce5431) Importer(815301076,1909f56bfc062723c751e8b465ee728b)
Start importing Assets/Asteriod.prefab using Guid(1ab62fd0c2bf1cb4fa12624692ce5431) Importer(815301076,1909f56bfc062723c751e8b465ee728b)  -> (artifact id: '2e69462106a71a515ccafc53ebaaa3e1') in 0.051701 seconds
  Import took 0.054997 seconds .

========================================================================
Received Import Request.
  Time since last request: 2.728823 seconds.
  path: Assets/Asteriod.prefab
  artifactKey: Guid(1ab62fd0c2bf1cb4fa12624692ce5431) Importer(815301076,1909f56bfc062723c751e8b465ee728b)
Start importing Assets/Asteriod.prefab using Guid(1ab62fd0c2bf1cb4fa12624692ce5431) Importer(815301076,1909f56bfc062723c751e8b465ee728b)  -> (artifact id: '1c5dede55f8305f207a2bf684b0c50c1') in 0.014549 seconds
  Import took 0.018145 seconds .

========================================================================
Received Import Request.
  Time since last request: 4.871511 seconds.
  path: Assets/Asteriod.prefab
  artifactKey: Guid(1ab62fd0c2bf1cb4fa12624692ce5431) Importer(815301076,1909f56bfc062723c751e8b465ee728b)
Start importing Assets/Asteriod.prefab using Guid(1ab62fd0c2bf1cb4fa12624692ce5431) Importer(815301076,1909f56bfc062723c751e8b465ee728b)  -> (artifact id: 'b80236afa63a8c96ad744232a82a8fdb') in 0.013186 seconds
  Import took 0.017224 seconds .

========================================================================
Received Import Request.
  Time since last request: 18.557648 seconds.
  path: Assets/Asteriod.prefab
  artifactKey: Guid(1ab62fd0c2bf1cb4fa12624692ce5431) Importer(815301076,1909f56bfc062723c751e8b465ee728b)
Start importing Assets/Asteriod.prefab using Guid(1ab62fd0c2bf1cb4fa12624692ce5431) Importer(815301076,1909f56bfc062723c751e8b465ee728b)  -> (artifact id: '56630c3358d248887e3619a4aaa6a01b') in 0.015426 seconds
  Import took 0.019404 seconds .

========================================================================
Received Prepare
Registering precompiled user dll's ...
Registered in 0.000850 seconds.
Begin MonoManager ReloadAssembly
Native extension for WindowsStandalone target not found
Refreshing native plugins compatible for Editor in 0.48 ms, found 1 plugins.
Preloading 0 native plugins for Editor in 0.00 ms.
Mono: successfully reloaded assembly
- Completed reload, in  0.841 seconds
Platform modules already initialized, skipping
Refreshing native plugins compatible for Editor in 0.38 ms, found 1 plugins.
Preloading 0 native plugins for Editor in 0.00 ms.
Unloading 1810 Unused Serialized files (Serialized files now loaded: 0)
System memory in use before: 88.6 MB.
System memory in use after: 88.6 MB.

Unloading 12 unused Assets to reduce memory usage. Loaded Objects now: 2420.
Total: 6.803700 ms (FindLiveObjects: 0.536800 ms CreateObjectMapping: 0.337100 ms MarkObjects: 5.568400 ms  DeleteObjects: 0.358500 ms)

========================================================================
Received Import Request.
  Time since last request: 60.400853 seconds.
  path: Assets/Asteriod.prefab
  artifactKey: Guid(1ab62fd0c2bf1cb4fa12624692ce5431) Importer(815301076,1909f56bfc062723c751e8b465ee728b)
Start importing Assets/Asteriod.prefab using Guid(1ab62fd0c2bf1cb4fa12624692ce5431) Importer(815301076,1909f56bfc062723c751e8b465ee728b)  -> (artifact id: '55efaead2c15606ca72a48edc9ab084c') in 0.067629 seconds
  Import took 0.073981 seconds .

========================================================================
Received Prepare
Registering precompiled user dll's ...
Registered in 0.000852 seconds.
Begin MonoManager ReloadAssembly
Native extension for WindowsStandalone target not found
Refreshing native plugins compatible for Editor in 0.38 ms, found 1 plugins.
Preloading 0 native plugins for Editor in 0.00 ms.
Mono: successfully reloaded assembly
- Completed reload, in  0.843 seconds
Platform modules already initialized, skipping
Refreshing native plugins compatible for Editor in 0.34 ms, found 1 plugins.
Preloading 0 native plugins for Editor in 0.00 ms.
Unloading 1810 Unused Serialized files (Serialized files now loaded: 0)
System memory in use before: 88.6 MB.
System memory in use after: 88.6 MB.

Unloading 12 unused Assets to reduce memory usage. Loaded Objects now: 2425.
Total: 2.431100 ms (FindLiveObjects: 0.189300 ms CreateObjectMapping: 0.101100 ms MarkObjects: 2.019700 ms  DeleteObjects: 0.119900 ms)

========================================================================
Received Prepare
Registering precompiled user dll's ...
Registered in 0.000889 seconds.
Begin MonoManager ReloadAssembly
Native extension for WindowsStandalone target not found
Refreshing native plugins compatible for Editor in 0.41 ms, found 1 plugins.
Preloading 0 native plugins for Editor in 0.00 ms.
Mono: successfully reloaded assembly
- Completed reload, in  0.861 seconds
Platform modules already initialized, skipping
Refreshing native plugins compatible for Editor in 0.33 ms, found 1 plugins.
Preloading 0 native plugins for Editor in 0.00 ms.
Unloading 1810 Unused Serialized files (Serialized files now loaded: 0)
System memory in use before: 88.6 MB.
System memory in use after: 88.6 MB.

Unloading 12 unused Assets to reduce memory usage. Loaded Objects now: 2429.
Total: 2.252500 ms (FindLiveObjects: 0.350100 ms CreateObjectMapping: 0.134900 ms MarkObjects: 1.655000 ms  DeleteObjects: 0.111300 ms)

========================================================================
Received Prepare
Registering precompiled user dll's ...
Registered in 0.000808 seconds.
Begin MonoManager ReloadAssembly
Native extension for WindowsStandalone target not found
Refreshing native plugins compatible for Editor in 0.37 ms, found 1 plugins.
Preloading 0 native plugins for Editor in 0.00 ms.
Mono: successfully reloaded assembly
- Completed reload, in  0.817 seconds
Platform modules already initialized, skipping
Refreshing native plugins compatible for Editor in 0.35 ms, found 1 plugins.
Preloading 0 native plugins for Editor in 0.00 ms.
Unloading 1810 Unused Serialized files (Serialized files now loaded: 0)
System memory in use before: 88.7 MB.
System memory in use after: 88.6 MB.

Unloading 12 unused Assets to reduce memory usage. Loaded Objects now: 2433.
Total: 2.326200 ms (FindLiveObjects: 0.301600 ms CreateObjectMapping: 0.091900 ms MarkObjects: 1.818700 ms  DeleteObjects: 0.112800 ms)

========================================================================
Received Prepare
Registering precompiled user dll's ...
Registered in 0.000864 seconds.
Begin MonoManager ReloadAssembly
Native extension for WindowsStandalone target not found
Refreshing native plugins compatible for Editor in 0.36 ms, found 1 plugins.
Preloading 0 native plugins for Editor in 0.00 ms.
Mono: successfully reloaded assembly
- Completed reload, in  0.853 seconds
Platform modules already initialized, skipping
Refreshing native plugins compatible for Editor in 0.38 ms, found 1 plugins.
Preloading 0 native plugins for Editor in 0.00 ms.
Unloading 1810 Unused Serialized files (Serialized files now loaded: 0)
System memory in use before: 88.7 MB.
System memory in use after: 88.7 MB.

Unloading 12 unused Assets to reduce memory usage. Loaded Objects now: 2437.
Total: 2.817800 ms (FindLiveObjects: 0.252100 ms CreateObjectMapping: 0.109200 ms MarkObjects: 2.299300 ms  DeleteObjects: 0.155800 ms)

========================================================================
Received Import Request.
  Time since last request: 619.316161 seconds.
  path: Assets/Bullets.prefab
  artifactKey: Guid(87e04ee4c8fdb7048b8428282e796724) Importer(815301076,1909f56bfc062723c751e8b465ee728b)
Start importing Assets/Bullets.prefab using Guid(87e04ee4c8fdb7048b8428282e796724) Importer(815301076,1909f56bfc062723c751e8b465ee728b)  -> (artifact id: '7070d40634ce8d363a1bf00517a9478e') in 0.051847 seconds
  Import took 0.057964 seconds .

========================================================================
Received Import Request.
  Time since last request: 0.000276 seconds.
  path: Assets/Asteriod.prefab
  artifactKey: Guid(1ab62fd0c2bf1cb4fa12624692ce5431) Importer(815301076,1909f56bfc062723c751e8b465ee728b)
Start importing Assets/Asteriod.prefab using Guid(1ab62fd0c2bf1cb4fa12624692ce5431) Importer(815301076,1909f56bfc062723c751e8b465ee728b)  -> (artifact id: '23f99457d760253f85c381c71fb2d8ee') in 0.009790 seconds
  Import took 0.012674 seconds .

========================================================================
Received Prepare
Registering precompiled user dll's ...
Registered in 0.001090 seconds.
Begin MonoManager ReloadAssembly
Native extension for WindowsStandalone target not found
Refreshing native plugins compatible for Editor in 0.48 ms, found 1 plugins.
Preloading 0 native plugins for Editor in 0.00 ms.
Mono: successfully reloaded assembly
- Completed reload, in  0.838 seconds
Platform modules already initialized, skipping
Refreshing native plugins compatible for Editor in 0.37 ms, found 1 plugins.
Preloading 0 native plugins for Editor in 0.00 ms.
Unloading 1810 Unused Serialized files (Serialized files now loaded: 0)
System memory in use before: 88.7 MB.
System memory in use after: 88.7 MB.

Unloading 12 unused Assets to reduce memory usage. Loaded Objects now: 2442.
Total: 2.698100 ms (FindLiveObjects: 0.211900 ms CreateObjectMapping: 0.068100 ms MarkObjects: 2.308400 ms  DeleteObjects: 0.108400 ms)

========================================================================
Received Import Request.
  Time since last request: 49.555775 seconds.
  path: Assets/Asteriod.prefab
  artifactKey: Guid(1ab62fd0c2bf1cb4fa12624692ce5431) Importer(815301076,1909f56bfc062723c751e8b465ee728b)
Start importing Assets/Asteriod.prefab using Guid(1ab62fd0c2bf1cb4fa12624692ce5431) Importer(815301076,1909f56bfc062723c751e8b465ee728b)  -> (artifact id: '8bdb166622e419e9bd9932d79423c30b') in 0.052954 seconds
  Import took 0.055870 seconds .

========================================================================
Received Import Request.
  Time since last request: 12.278993 seconds.
  path: Assets/Bullets.prefab
  artifactKey: Guid(87e04ee4c8fdb7048b8428282e796724) Importer(815301076,1909f56bfc062723c751e8b465ee728b)
Start importing Assets/Bullets.prefab using Guid(87e04ee4c8fdb7048b8428282e796724) Importer(815301076,1909f56bfc062723c751e8b465ee728b)  -> (artifact id: '6cdeebc5a4d06e417c918e9f258abc93') in 0.014963 seconds
  Import took 0.018440 seconds .

========================================================================
Received Prepare
Registering precompiled user dll's ...
Registered in 0.000851 seconds.
Begin MonoManager ReloadAssembly
Native extension for WindowsStandalone target not found
Refreshing native plugins compatible for Editor in 0.45 ms, found 1 plugins.
Preloading 0 native plugins for Editor in 0.00 ms.
Mono: successfully reloaded assembly
- Completed reload, in  0.865 seconds
Platform modules already initialized, skipping
Refreshing native plugins compatible for Editor in 0.37 ms, found 1 plugins.
Preloading 0 native plugins for Editor in 0.00 ms.
Unloading 1810 Unused Serialized files (Serialized files now loaded: 0)
System memory in use before: 88.7 MB.
System memory in use after: 88.7 MB.

Unloading 12 unused Assets to reduce memory usage. Loaded Objects now: 2447.
Total: 3.020300 ms (FindLiveObjects: 0.216400 ms CreateObjectMapping: 0.089800 ms MarkObjects: 2.564000 ms  DeleteObjects: 0.148900 ms)

========================================================================
Received Prepare
Registering precompiled user dll's ...
Registered in 0.000812 seconds.
Begin MonoManager ReloadAssembly
Native extension for WindowsStandalone target not found
Refreshing native plugins compatible for Editor in 0.37 ms, found 1 plugins.
Preloading 0 native plugins for Editor in 0.00 ms.
Mono: successfully reloaded assembly
- Completed reload, in  0.852 seconds
Platform modules already initialized, skipping
Refreshing native plugins compatible for Editor in 0.33 ms, found 1 plugins.
Preloading 0 native plugins for Editor in 0.00 ms.
Unloading 1810 Unused Serialized files (Serialized files now loaded: 0)
System memory in use before: 88.7 MB.
System memory in use after: 88.7 MB.

Unloading 12 unused Assets to reduce memory usage. Loaded Objects now: 2451.
Total: 2.305600 ms (FindLiveObjects: 0.254300 ms CreateObjectMapping: 0.062500 ms MarkObjects: 1.879300 ms  DeleteObjects: 0.108600 ms)

========================================================================
Received Import Request.
  Time since last request: 230.480188 seconds.
  path: Assets/Bullets.prefab
  artifactKey: Guid(87e04ee4c8fdb7048b8428282e796724) Importer(815301076,1909f56bfc062723c751e8b465ee728b)
Start importing Assets/Bullets.prefab using Guid(87e04ee4c8fdb7048b8428282e796724) Importer(815301076,1909f56bfc062723c751e8b465ee728b)  -> (artifact id: '8473462b5ab8fa7018ec37cb51968bd3') in 0.052522 seconds
  Import took 0.055724 seconds .

========================================================================
Received Prepare
Registering precompiled user dll's ...
Registered in 0.000815 seconds.
Begin MonoManager ReloadAssembly
Native extension for WindowsStandalone target not found
Refreshing native plugins compatible for Editor in 0.39 ms, found 1 plugins.
Preloading 0 native plugins for Editor in 0.00 ms.
Mono: successfully reloaded assembly
- Completed reload, in  0.833 seconds
Platform modules already initialized, skipping
Refreshing native plugins compatible for Editor in 0.34 ms, found 1 plugins.
Preloading 0 native plugins for Editor in 0.00 ms.
Unloading 1810 Unused Serialized files (Serialized files now loaded: 0)
System memory in use before: 88.7 MB.
System memory in use after: 88.7 MB.

Unloading 12 unused Assets to reduce memory usage. Loaded Objects now: 2456.
Total: 2.519100 ms (FindLiveObjects: 0.316100 ms CreateObjectMapping: 0.067900 ms MarkObjects: 2.020700 ms  DeleteObjects: 0.113400 ms)

========================================================================
Received Import Request.
  Time since last request: 166.118894 seconds.
  path: Assets/BulletDestroy.cs
  artifactKey: Guid(c25cc00d80de7394f843451c9f816d02) Importer(815301076,1909f56bfc062723c751e8b465ee728b)
Start importing Assets/BulletDestroy.cs using Guid(c25cc00d80de7394f843451c9f816d02) Importer(815301076,1909f56bfc062723c751e8b465ee728b)  -> (artifact id: '51a2d51bae6fb4380fdbc328b5cf5ded') in 0.007792 seconds
  Import took 0.010776 seconds .

AssetImportWorkerClient::OnTransportError - code=2 error=End of file
